{"C:\\Users\\srincon\\projects\\typescript-study\\car\\index.ts": {"path":"C:\\Users\\srincon\\projects\\typescript-study\\car\\index.ts","statementMap":{"0":{"start":{"line":4,"column":0},"end":{"line":4,"column":51}},"1":{"start":{"line":5,"column":8},"end":{"line":5,"column":11}},"2":{"start":{"line":7,"column":0},"end":{"line":7,"column":null}},"3":{"start":{"line":9,"column":4},"end":{"line":9,"column":null}},"4":{"start":{"line":9,"column":29},"end":{"line":9,"column":36}},"5":{"start":{"line":15,"column":12},"end":{"line":15,"column":null}},"6":{"start":{"line":12,"column":19},"end":{"line":12,"column":34}},"7":{"start":{"line":13,"column":20},"end":{"line":13,"column":31}},"8":{"start":{"line":16,"column":12},"end":{"line":16,"column":34}},"9":{"start":{"line":19,"column":8},"end":{"line":21,"column":null}},"10":{"start":{"line":20,"column":12},"end":{"line":20,"column":32}},"11":{"start":{"line":24,"column":12},"end":{"line":24,"column":33}},"12":{"start":{"line":27,"column":8},"end":{"line":29,"column":null}},"13":{"start":{"line":27,"column":18},"end":{"line":27,"column":38}},"14":{"start":{"line":28,"column":12},"end":{"line":28,"column":43}},"15":{"start":{"line":31,"column":8},"end":{"line":34,"column":null}},"16":{"start":{"line":32,"column":12},"end":{"line":32,"column":46}},"17":{"start":{"line":33,"column":12},"end":{"line":33,"column":23}},"18":{"start":{"line":35,"column":4},"end":{"line":35,"column":null}},"19":{"start":{"line":9,"column":17},"end":{"line":35,"column":null}}},"fnMap":{"0":{"name":"(anonymous_6)","decl":{"start":{"line":7,"column":0},"end":{"line":7,"column":14}},"loc":{"start":{"line":7,"column":18},"end":{"line":37,"column":1}}},"1":{"name":"(anonymous_7)","decl":{"start":{"line":9,"column":4},"end":{"line":9,"column":17}},"loc":{"start":{"line":9,"column":4},"end":{"line":35,"column":null}}},"2":{"name":"Car","decl":{"start":{"line":11,"column":8},"end":{"line":11,"column":null}},"loc":{"start":{"line":13,"column":31},"end":{"line":17,"column":9}}},"3":{"name":"(anonymous_9)","decl":{"start":{"line":19,"column":8},"end":{"line":19,"column":12}},"loc":{"start":{"line":19,"column":8},"end":{"line":21,"column":9}}},"4":{"name":"(anonymous_10)","decl":{"start":{"line":23,"column":8},"end":{"line":23,"column":19}},"loc":{"start":{"line":23,"column":32},"end":{"line":25,"column":9}}},"5":{"name":"(anonymous_11)","decl":{"start":{"line":27,"column":8},"end":{"line":27,"column":17}},"loc":{"start":{"line":27,"column":61},"end":{"line":29,"column":9}}},"6":{"name":"(anonymous_12)","decl":{"start":{"line":31,"column":8},"end":{"line":31,"column":11}},"loc":{"start":{"line":31,"column":23},"end":{"line":34,"column":9}}}},"branchMap":{"0":{"loc":{"start":{"line":15,"column":12},"end":{"line":15,"column":19}},"type":"binary-expr","locations":[{"start":{"line":15,"column":12},"end":{"line":15,"column":19}},{"start":{"line":15,"column":19},"end":{"line":15,"column":null}}]},"1":{"loc":{"start":{"line":27,"column":18},"end":{"line":27,"column":38}},"type":"if","locations":[{"start":{"line":27,"column":18},"end":{"line":27,"column":38}},{"start":{"line":27,"column":18},"end":{"line":27,"column":38}}]},"2":{"loc":{"start":{"line":7,"column":14},"end":{"line":7,"column":18}},"type":"binary-expr","locations":[{"start":{"line":7,"column":14},"end":{"line":7,"column":18}},{"start":{"line":7,"column":14},"end":{"line":7,"column":null}}]}},"s":{"0":1,"1":1,"2":1,"3":1,"4":1,"5":2,"6":2,"7":2,"8":2,"9":1,"10":0,"11":2,"12":1,"13":0,"14":0,"15":1,"16":1,"17":1,"18":1,"19":1},"f":{"0":1,"1":1,"2":2,"3":0,"4":2,"5":0,"6":1},"b":{"0":[2,2],"1":[0,0],"2":[1,1]}}
,"C:\\Users\\srincon\\projects\\typescript-study\\car\\interfaces-generic\\vehicle.ts": {"path":"C:\\Users\\srincon\\projects\\typescript-study\\car\\interfaces-generic\\vehicle.ts","statementMap":{"0":{"start":{"line":1,"column":0},"end":{"line":1,"column":null}},"1":{"start":{"line":3,"column":4},"end":{"line":5,"column":null}},"2":{"start":{"line":8,"column":8},"end":{"line":8,"column":26}},"3":{"start":{"line":4,"column":8},"end":{"line":4,"column":26}},"4":{"start":{"line":10,"column":0},"end":{"line":10,"column":null}}},"fnMap":{"0":{"name":"(anonymous_0)","decl":{"start":{"line":1,"column":0},"end":{"line":1,"column":null}},"loc":{"start":{"line":1,"column":0},"end":{"line":10,"column":null}}},"1":{"name":"(anonymous_2)","decl":{"start":{"line":7,"column":4},"end":{"line":7,"column":null}},"loc":{"start":{"line":7,"column":4},"end":{"line":9,"column":5}}},"2":{"name":"(anonymous_3)","decl":{"start":{"line":3,"column":4},"end":{"line":3,"column":8}},"loc":{"start":{"line":3,"column":25},"end":{"line":5,"column":5}}}},"branchMap":{},"s":{"0":1,"1":1,"2":0,"3":0,"4":1},"f":{"0":3,"1":0,"2":0},"b":{}}
}
