TN:
SF:C:\Users\srincon\projects\typescript-study\car\index.ts
FN:7,(anonymous_6)
FN:9,(anonymous_7)
FN:11,Car
FN:19,(anonymous_9)
FN:23,(anonymous_10)
FN:27,(anonymous_11)
FN:31,(anonymous_12)
FNF:7
FNH:5
FNDA:1,(anonymous_6)
FNDA:1,(anonymous_7)
FNDA:2,Car
FNDA:0,(anonymous_9)
FNDA:2,(anonymous_10)
FNDA:0,(anonymous_11)
FNDA:1,(anonymous_12)
DA:4,1
DA:5,1
DA:7,1
DA:9,1
DA:12,2
DA:13,2
DA:15,2
DA:16,2
DA:19,1
DA:20,0
DA:24,2
DA:27,1
DA:28,0
DA:31,1
DA:32,1
DA:33,1
DA:35,1
LF:17
LH:15
BRDA:15,0,0,2
BRDA:15,0,1,2
BRDA:27,1,0,0
BRDA:27,1,1,0
BRDA:7,2,0,1
BRDA:7,2,1,1
BRF:6
BRH:4
end_of_record
TN:
SF:C:\Users\srincon\projects\typescript-study\car\interfaces-generic\vehicle.ts
FN:1,(anonymous_0)
FN:7,(anonymous_2)
FN:3,(anonymous_3)
FNF:3
FNH:1
FNDA:3,(anonymous_0)
FNDA:0,(anonymous_2)
FNDA:0,(anonymous_3)
DA:1,1
DA:3,1
DA:4,0
DA:8,0
DA:10,1
LF:5
LH:3
BRF:0
BRH:0
end_of_record
